  Element.cpp
  TANGRAM.cpp
  TANGRAMFrame.cpp
c:\users\dom\desktop\project1\project1\tangramframe.cpp(245): warning C4996: 'wxMouseState::LeftDown': was declared deprecated
  c:\users\dom\desktop\wxwidgets-3.0.4\include\wx\mousestate.h(129): note: see declaration of 'wxMouseState::LeftDown'
c:\users\dom\desktop\project1\project1\tangramframe.cpp(253): warning C4996: 'wxMouseState::LeftDown': was declared deprecated
  c:\users\dom\desktop\wxwidgets-3.0.4\include\wx\mousestate.h(129): note: see declaration of 'wxMouseState::LeftDown'
c:\users\dom\desktop\project1\project1\tangramframe.cpp(261): warning C4996: 'wxMouseState::LeftDown': was declared deprecated
  c:\users\dom\desktop\wxwidgets-3.0.4\include\wx\mousestate.h(129): note: see declaration of 'wxMouseState::LeftDown'
c:\users\dom\desktop\project1\project1\tangramframe.cpp(269): warning C4996: 'wxMouseState::LeftDown': was declared deprecated
  c:\users\dom\desktop\wxwidgets-3.0.4\include\wx\mousestate.h(129): note: see declaration of 'wxMouseState::LeftDown'
c:\users\dom\desktop\project1\project1\tangramframe.cpp(277): warning C4996: 'wxMouseState::LeftDown': was declared deprecated
  c:\users\dom\desktop\wxwidgets-3.0.4\include\wx\mousestate.h(129): note: see declaration of 'wxMouseState::LeftDown'
c:\users\dom\desktop\project1\project1\tangramframe.cpp(285): warning C4996: 'wxMouseState::LeftDown': was declared deprecated
  c:\users\dom\desktop\wxwidgets-3.0.4\include\wx\mousestate.h(129): note: see declaration of 'wxMouseState::LeftDown'
c:\users\dom\desktop\project1\project1\tangramframe.cpp(293): warning C4996: 'wxMouseState::LeftDown': was declared deprecated
  c:\users\dom\desktop\wxwidgets-3.0.4\include\wx\mousestate.h(129): note: see declaration of 'wxMouseState::LeftDown'
  main.cpp
  Generating Code...
  Project1.vcxproj -> C:\Users\Dom\Desktop\Project1\Debug\Project1.exe
